11:48:03.899 [main] INFO  com.dayone.Application - Starting Application using Java 11.0.18 on DESKTOP-2SU98I4 with PID 12848 (C:\Users\왕석현\IdeaProjects\Mission3\build\classes\java\main started by 왕석현 in C:\Users\왕석현\IdeaProjects\Mission3)
11:48:03.904 [main] INFO  com.dayone.Application - No active profile set, falling back to default profiles: default
11:48:05.112 [main] INFO  o.s.d.r.c.RepositoryConfigurationDelegate - Multiple Spring Data modules found, entering strict repository configuration mode!
11:48:05.113 [main] INFO  o.s.d.r.c.RepositoryConfigurationDelegate - Bootstrapping Spring Data JPA repositories in DEFAULT mode.
11:48:05.245 [main] INFO  o.s.d.r.c.RepositoryConfigurationDelegate - Finished Spring Data repository scanning in 120 ms. Found 3 JPA repository interfaces.
11:48:05.265 [main] INFO  o.s.d.r.c.RepositoryConfigurationDelegate - Multiple Spring Data modules found, entering strict repository configuration mode!
11:48:05.267 [main] INFO  o.s.d.r.c.RepositoryConfigurationDelegate - Bootstrapping Spring Data Redis repositories in DEFAULT mode.
11:48:05.302 [main] INFO  o.s.d.r.c.RepositoryConfigurationExtensionSupport - Spring Data Redis - Could not safely identify store assignment for repository candidate interface com.dayone.persist.repository.CompanyRepository. If you want this repository to be a Redis repository, consider annotating your entities with one of these annotations: org.springframework.data.redis.core.RedisHash (preferred), or consider extending one of the following types with your repository: org.springframework.data.keyvalue.repository.KeyValueRepository.
11:48:05.305 [main] INFO  o.s.d.r.c.RepositoryConfigurationExtensionSupport - Spring Data Redis - Could not safely identify store assignment for repository candidate interface com.dayone.persist.repository.DividendRepository. If you want this repository to be a Redis repository, consider annotating your entities with one of these annotations: org.springframework.data.redis.core.RedisHash (preferred), or consider extending one of the following types with your repository: org.springframework.data.keyvalue.repository.KeyValueRepository.
11:48:05.306 [main] INFO  o.s.d.r.c.RepositoryConfigurationExtensionSupport - Spring Data Redis - Could not safely identify store assignment for repository candidate interface com.dayone.persist.repository.MemberRepository. If you want this repository to be a Redis repository, consider annotating your entities with one of these annotations: org.springframework.data.redis.core.RedisHash (preferred), or consider extending one of the following types with your repository: org.springframework.data.keyvalue.repository.KeyValueRepository.
11:48:05.307 [main] INFO  o.s.d.r.c.RepositoryConfigurationDelegate - Finished Spring Data repository scanning in 15 ms. Found 0 Redis repository interfaces.
11:48:05.744 [main] INFO  o.s.c.s.PostProcessorRegistrationDelegate$BeanPostProcessorChecker - Bean 'org.springframework.security.access.expression.method.DefaultMethodSecurityExpressionHandler@4833eff3' of type [org.springframework.security.access.expression.method.DefaultMethodSecurityExpressionHandler] is not eligible for getting processed by all BeanPostProcessors (for example: not eligible for auto-proxying)
11:48:05.750 [main] INFO  o.s.c.s.PostProcessorRegistrationDelegate$BeanPostProcessorChecker - Bean 'methodSecurityMetadataSource' of type [org.springframework.security.access.method.DelegatingMethodSecurityMetadataSource] is not eligible for getting processed by all BeanPostProcessors (for example: not eligible for auto-proxying)
11:48:06.175 [main] INFO  o.s.b.w.e.tomcat.TomcatWebServer - Tomcat initialized with port(s): 8080 (http)
11:48:06.189 [main] INFO  o.a.coyote.http11.Http11NioProtocol - Initializing ProtocolHandler ["http-nio-8080"]
11:48:06.190 [main] INFO  o.a.catalina.core.StandardService - Starting service [Tomcat]
11:48:06.191 [main] INFO  o.a.catalina.core.StandardEngine - Starting Servlet engine: [Apache Tomcat/9.0.54]
11:48:06.326 [main] INFO  o.a.c.c.C.[Tomcat].[localhost].[/] - Initializing Spring embedded WebApplicationContext
11:48:06.326 [main] INFO  o.s.b.w.s.c.ServletWebServerApplicationContext - Root WebApplicationContext: initialization completed in 2338 ms
11:48:06.374 [main] INFO  com.zaxxer.hikari.HikariDataSource - HikariPool-1 - Starting...
11:48:06.566 [main] INFO  com.zaxxer.hikari.HikariDataSource - HikariPool-1 - Start completed.
11:48:06.574 [main] INFO  o.s.b.a.h.H2ConsoleAutoConfiguration - H2 console available at '/h2-console'. Database available at 'jdbc:h2:mem:dayone'
11:48:06.834 [main] INFO  o.h.jpa.internal.util.LogHelper - HHH000204: Processing PersistenceUnitInfo [name: default]
11:48:06.917 [main] INFO  org.hibernate.Version - HHH000412: Hibernate ORM core version 5.4.32.Final
11:48:07.168 [main] INFO  o.h.annotations.common.Version - HCANN000001: Hibernate Commons Annotations {5.1.2.Final}
11:48:07.326 [main] INFO  org.hibernate.dialect.Dialect - HHH000400: Using dialect: org.hibernate.dialect.H2Dialect
11:48:08.274 [main] INFO  o.h.e.t.j.p.i.JtaPlatformInitiator - HHH000490: Using JtaPlatform implementation: [org.hibernate.engine.transaction.jta.platform.internal.NoJtaPlatform]
11:48:08.288 [main] INFO  o.s.o.j.LocalContainerEntityManagerFactoryBean - Initialized JPA EntityManagerFactory for persistence unit 'default'
11:48:09.061 [main] WARN  o.s.b.a.o.j.JpaBaseConfiguration$JpaWebConfiguration - spring.jpa.open-in-view is enabled by default. Therefore, database queries may be performed during view rendering. Explicitly configure spring.jpa.open-in-view to disable this warning
11:48:09.538 [main] INFO  o.s.s.web.DefaultSecurityFilterChain - Will secure Ant [pattern='/h2-console/**'] with []
11:48:09.589 [main] INFO  o.s.s.web.DefaultSecurityFilterChain - Will secure any request with [org.springframework.security.web.context.request.async.WebAsyncManagerIntegrationFilter@6097f225, org.springframework.security.web.context.SecurityContextPersistenceFilter@3b1895e, org.springframework.security.web.header.HeaderWriterFilter@394950ad, org.springframework.security.web.authentication.logout.LogoutFilter@2bed5828, com.dayone.security.JwtAuthenticationFilter@3c6fc4cd, org.springframework.security.web.savedrequest.RequestCacheAwareFilter@6d57b264, org.springframework.security.web.servletapi.SecurityContextHolderAwareRequestFilter@70869678, org.springframework.security.web.authentication.AnonymousAuthenticationFilter@5507584d, org.springframework.security.web.session.SessionManagementFilter@4353db40, org.springframework.security.web.access.ExceptionTranslationFilter@227fc322, org.springframework.security.web.access.intercept.FilterSecurityInterceptor@74a991cf]
11:48:10.300 [main] INFO  o.a.coyote.http11.Http11NioProtocol - Starting ProtocolHandler ["http-nio-8080"]
11:48:10.331 [main] INFO  o.s.b.w.e.tomcat.TomcatWebServer - Tomcat started on port(s): 8080 (http) with context path ''
11:48:10.351 [main] INFO  com.dayone.Application - Started Application in 7.412 seconds (JVM running for 11.142)
11:48:26.425 [http-nio-8080-exec-2] INFO  o.a.c.c.C.[Tomcat].[localhost].[/] - Initializing Spring DispatcherServlet 'dispatcherServlet'
11:48:26.429 [http-nio-8080-exec-2] INFO  o.s.web.servlet.DispatcherServlet - Initializing Servlet 'dispatcherServlet'
11:48:26.431 [http-nio-8080-exec-2] INFO  o.s.web.servlet.DispatcherServlet - Completed initialization in 2 ms
11:48:30.063 [http-nio-8080-exec-3] INFO  com.dayone.web.AuthController - user logingrace
11:48:41.193 [http-nio-8080-exec-4] INFO  c.d.security.JwtAuthenticationFilter - [grace] -> /company
